TN:
SF:src/modules/projects/services/CreateParticipation.service.ts
FN:11,(anonymous_2)
FN:13,(anonymous_3)
FN:72,(anonymous_4)
FNF:3
FNH:3
FNDA:13,(anonymous_2)
FNDA:22,(anonymous_3)
FNDA:2,(anonymous_4)
DA:1,1
DA:2,1
DA:6,1
DA:9,1
DA:10,1
DA:11,13
DA:23,22
DA:24,2
DA:25,2
DA:26,1
DA:29,20
DA:30,7
DA:31,7
DA:32,1
DA:35,6
DA:36,13
DA:37,12
DA:38,12
DA:39,1
DA:42,11
DA:44,1
DA:50,18
DA:51,8
DA:52,8
DA:53,1
DA:56,7
DA:57,1
DA:60,6
DA:61,0
DA:64,6
DA:65,6
DA:67,6
DA:71,6
DA:72,2
DA:74,6
DA:75,2
DA:78,4
DA:82,4
DA:83,1
DA:89,3
DA:94,10
DA:95,10
DA:96,1
DA:99,9
DA:101,9
DA:103,9
DA:109,12
DA:110,12
DA:111,1
DA:114,11
DA:116,11
DA:117,3
DA:123,8
DA:130,11
LF:54
LH:53
BRDA:23,0,0,2
BRDA:23,0,1,20
BRDA:25,1,0,1
BRDA:29,2,0,7
BRDA:29,2,1,13
BRDA:31,3,0,1
BRDA:36,4,0,12
BRDA:36,4,1,1
BRDA:38,5,0,1
BRDA:50,6,0,8
BRDA:50,6,1,10
BRDA:52,7,0,1
BRDA:56,8,0,1
BRDA:60,9,0,0
BRDA:60,10,0,6
BRDA:60,10,1,0
BRDA:60,11,0,0
BRDA:60,11,1,6
BRDA:60,12,0,6
BRDA:60,12,1,6
BRDA:74,13,0,2
BRDA:82,14,0,1
BRDA:95,15,0,1
BRDA:101,16,0,9
BRDA:101,16,1,9
BRDA:110,17,0,1
BRDA:116,18,0,3
BRDA:116,18,1,8
BRF:28
BRH:25
end_of_record
